<?xml version="1.0" encoding="UTF-8"?>
<!-- Generated by org.testng.reporters.JUnitReportReporter -->
<testsuite hostname="DESKTOP-5EVK54D" failures="0" tests="3" name="apprunnner.OrderRunner" time="0.413" errors="1" timestamp="2024-01-25T20:57:28 IST" skipped="0">
  <testcase classname="apprunnner.OrderRunner" name="runScenario" time="0.068"/>
  <system-out/>
  <testcase classname="apprunnner.OrderRunner" name="runScenario" time="0.265">
    <error type="java.lang.ArithmeticException">
      <![CDATA[java.lang.ArithmeticException
at steps.OrderSteps.user_clicks_on_past_order_button(OrderSteps.java:23)
at ✽.User clicks on past order button(file:///F:/Desktop/VimanNagar/May%2021/ATT20JanEveningBDDBasics/src/test/resources/appfeatures/Orders.feature:7)
]]>
    </error>
  </testcase> <!-- runScenario -->
  <system-out/>
  <testcase classname="apprunnner.OrderRunner" name="runScenario" time="0.080"/>
  <system-out/>
</testsuite> <!-- apprunnner.OrderRunner -->
